[06-May-2026 22:16:15 UTC] JUMPSEAT DEBUG: functions.php reached line 35
[06-May-2026 22:16:15 UTC] JUMPSEAT DEBUG: config.php loaded
[06-May-2026 22:16:15 UTC] JUMPSEAT DEBUG: includes loaded
[06-May-2026 22:16:21 UTC] JUMPSEAT DEBUG: functions.php reached line 35
[06-May-2026 22:16:21 UTC] JUMPSEAT DEBUG: config.php loaded
[06-May-2026 22:16:21 UTC] JUMPSEAT DEBUG: includes loaded
[06-May-2026 22:16:26 UTC] JUMPSEAT DEBUG: functions.php reached line 35
[06-May-2026 22:16:26 UTC] JUMPSEAT DEBUG: config.php loaded
[06-May-2026 22:16:26 UTC] JUMPSEAT DEBUG: includes loaded
[06-May-2026 22:16:32 UTC] JUMPSEAT DEBUG: functions.php reached line 35
[06-May-2026 22:16:32 UTC] JUMPSEAT DEBUG: config.php loaded
[06-May-2026 22:16:32 UTC] JUMPSEAT DEBUG: includes loaded
[06-May-2026 22:16:44 UTC] JUMPSEAT DEBUG: functions.php reached line 35
[06-May-2026 22:16:44 UTC] JUMPSEAT DEBUG: config.php loaded
[06-May-2026 22:16:44 UTC] JUMPSEAT DEBUG: includes loaded
[06-May-2026 22:16:51 UTC] JUMPSEAT DEBUG: functions.php reached line 35
[06-May-2026 22:16:51 UTC] JUMPSEAT DEBUG: config.php loaded
[06-May-2026 22:16:51 UTC] JUMPSEAT DEBUG: includes loaded
[06-May-2026 22:16:57 UTC] JUMPSEAT DEBUG: functions.php reached line 35
[06-May-2026 22:16:57 UTC] JUMPSEAT DEBUG: config.php loaded
[06-May-2026 22:16:57 UTC] JUMPSEAT DEBUG: includes loaded
[06-May-2026 22:17:00 UTC] JUMPSEAT DEBUG: functions.php reached line 35
[06-May-2026 22:17:00 UTC] JUMPSEAT DEBUG: config.php loaded
[06-May-2026 22:17:00 UTC] JUMPSEAT DEBUG: includes loaded
[06-May-2026 22:17:07 UTC] JUMPSEAT DEBUG: functions.php reached line 35
[06-May-2026 22:17:07 UTC] JUMPSEAT DEBUG: config.php loaded
[06-May-2026 22:17:07 UTC] JUMPSEAT DEBUG: includes loaded
[06-May-2026 22:17:13 UTC] JUMPSEAT DEBUG: functions.php reached line 35
[06-May-2026 22:17:13 UTC] JUMPSEAT DEBUG: config.php loaded
[06-May-2026 22:17:13 UTC] JUMPSEAT DEBUG: includes loaded
[07-May-2026 04:59:44 UTC] PHP Warning:  Undefined variable $heading_accent in C:\Users\USER\Local Sites\selva-studio\app\public\wp-content\themes\jumpseat-theme\template-parts\sections\testimonials.php on line 22
[07-May-2026 04:59:45 UTC] PHP Warning:  Undefined variable $heading_accent in C:\Users\USER\Local Sites\selva-studio\app\public\wp-content\themes\jumpseat-theme\template-parts\sections\testimonials.php on line 22
[07-May-2026 04:59:45 UTC] PHP Warning:  Undefined variable $heading_accent in C:\Users\USER\Local Sites\selva-studio\app\public\wp-content\themes\jumpseat-theme\template-parts\sections\testimonials.php on line 22
[07-May-2026 04:59:45 UTC] PHP Warning:  Undefined variable $heading_accent in C:\Users\USER\Local Sites\selva-studio\app\public\wp-content\themes\jumpseat-theme\template-parts\sections\testimonials.php on line 22
[07-May-2026 04:59:45 UTC] PHP Warning:  Undefined variable $heading_accent in C:\Users\USER\Local Sites\selva-studio\app\public\wp-content\themes\jumpseat-theme\template-parts\sections\testimonials.php on line 22
[07-May-2026 04:59:46 UTC] PHP Warning:  Undefined variable $heading_accent in C:\Users\USER\Local Sites\selva-studio\app\public\wp-content\themes\jumpseat-theme\template-parts\sections\testimonials.php on line 22
[07-May-2026 06:44:13 UTC] PHP Notice:  Function _load_textdomain_just_in_time was called <strong>incorrectly</strong>. Translation loading for the <code>acf</code> domain was triggered too early. This is usually an indicator for some code in the plugin or theme running too early. Translations should be loaded at the <code>init</code> action or later. Please see <a href="https://developer.wordpress.org/advanced-administration/debug/debug-wordpress/">Debugging in WordPress</a> for more information. (This message was added in version 6.7.0.) in C:\Users\USER\Local Sites\selva-studio\app\public\wp-includes\functions.php on line 6131
[07-May-2026 06:44:44 UTC] PHP Notice:  Function _load_textdomain_just_in_time was called <strong>incorrectly</strong>. Translation loading for the <code>acf</code> domain was triggered too early. This is usually an indicator for some code in the plugin or theme running too early. Translations should be loaded at the <code>init</code> action or later. Please see <a href="https://developer.wordpress.org/advanced-administration/debug/debug-wordpress/">Debugging in WordPress</a> for more information. (This message was added in version 6.7.0.) in C:\Users\USER\Local Sites\selva-studio\app\public\wp-includes\functions.php on line 6131
[07-May-2026 06:44:44 UTC] PHP Notice:  Function _load_textdomain_just_in_time was called <strong>incorrectly</strong>. Translation loading for the <code>acf</code> domain was triggered too early. This is usually an indicator for some code in the plugin or theme running too early. Translations should be loaded at the <code>init</code> action or later. Please see <a href="https://developer.wordpress.org/advanced-administration/debug/debug-wordpress/">Debugging in WordPress</a> for more information. (This message was added in version 6.7.0.) in C:\Users\USER\Local Sites\selva-studio\app\public\wp-includes\functions.php on line 6131
[07-May-2026 07:21:50 UTC] PHP Notice:  Function map_meta_cap was called <strong>incorrectly</strong>. The post type <code>js_form</code> is not registered, so it may not be reliable to check the capability <code>edit_post</code> against a post of that type. Please see <a href="https://developer.wordpress.org/advanced-administration/debug/debug-wordpress/">Debugging in WordPress</a> for more information. (This message was added in version 4.4.0.) in C:\Users\USER\Local Sites\selva-studio\app\public\wp-includes\functions.php on line 6131
[07-May-2026 08:09:32 UTC] PHP Notice:  Function map_meta_cap was called <strong>incorrectly</strong>. The post type <code>habitacion</code> is not registered, so it may not be reliable to check the capability <code>read_post</code> against a post of that type. Please see <a href="https://developer.wordpress.org/advanced-administration/debug/debug-wordpress/">Debugging in WordPress</a> for more information. (This message was added in version 4.4.0.) in C:\Users\USER\Local Sites\selva-studio\app\public\wp-includes\functions.php on line 6131
[07-May-2026 08:09:32 UTC] PHP Notice:  Function map_meta_cap was called <strong>incorrectly</strong>. The post type <code>habitacion</code> is not registered, so it may not be reliable to check the capability <code>read_post</code> against a post of that type. Please see <a href="https://developer.wordpress.org/advanced-administration/debug/debug-wordpress/">Debugging in WordPress</a> for more information. (This message was added in version 4.4.0.) in C:\Users\USER\Local Sites\selva-studio\app\public\wp-includes\functions.php on line 6131
[07-May-2026 08:09:32 UTC] PHP Notice:  Function map_meta_cap was called <strong>incorrectly</strong>. The post type <code>habitacion</code> is not registered, so it may not be reliable to check the capability <code>read_post</code> against a post of that type. Please see <a href="https://developer.wordpress.org/advanced-administration/debug/debug-wordpress/">Debugging in WordPress</a> for more information. (This message was added in version 4.4.0.) in C:\Users\USER\Local Sites\selva-studio\app\public\wp-includes\functions.php on line 6131
[07-May-2026 08:09:32 UTC] PHP Notice:  Function map_meta_cap was called <strong>incorrectly</strong>. The post type <code>habitacion</code> is not registered, so it may not be reliable to check the capability <code>read_post</code> against a post of that type. Please see <a href="https://developer.wordpress.org/advanced-administration/debug/debug-wordpress/">Debugging in WordPress</a> for more information. (This message was added in version 4.4.0.) in C:\Users\USER\Local Sites\selva-studio\app\public\wp-includes\functions.php on line 6131
[07-May-2026 08:09:32 UTC] PHP Notice:  Function map_meta_cap was called <strong>incorrectly</strong>. The post type <code>habitacion</code> is not registered, so it may not be reliable to check the capability <code>read_post</code> against a post of that type. Please see <a href="https://developer.wordpress.org/advanced-administration/debug/debug-wordpress/">Debugging in WordPress</a> for more information. (This message was added in version 4.4.0.) in C:\Users\USER\Local Sites\selva-studio\app\public\wp-includes\functions.php on line 6131
[07-May-2026 09:50:08 UTC] WordPress database error Unknown column 'fecha' in 'order clause' for query SELECT * FROM wp_js_leads ORDER BY fecha DESC made by do_action('toplevel_page_leads-js'), WP_Hook->do_action, WP_Hook->apply_filters, js_pagina_admin_leads
[07-May-2026 09:51:58 UTC] PHP Notice:  Function map_meta_cap was called <strong>incorrectly</strong>. The post type <code>habitacion</code> is not registered, so it may not be reliable to check the capability <code>read_post</code> against a post of that type. Please see <a href="https://developer.wordpress.org/advanced-administration/debug/debug-wordpress/">Debugging in WordPress</a> for more information. (This message was added in version 4.4.0.) in C:\Users\USER\Local Sites\selva-studio\app\public\wp-includes\functions.php on line 6131
[07-May-2026 09:51:58 UTC] PHP Notice:  Function map_meta_cap was called <strong>incorrectly</strong>. The post type <code>habitacion</code> is not registered, so it may not be reliable to check the capability <code>read_post</code> against a post of that type. Please see <a href="https://developer.wordpress.org/advanced-administration/debug/debug-wordpress/">Debugging in WordPress</a> for more information. (This message was added in version 4.4.0.) in C:\Users\USER\Local Sites\selva-studio\app\public\wp-includes\functions.php on line 6131
[07-May-2026 09:51:58 UTC] PHP Notice:  Function map_meta_cap was called <strong>incorrectly</strong>. The post type <code>habitacion</code> is not registered, so it may not be reliable to check the capability <code>read_post</code> against a post of that type. Please see <a href="https://developer.wordpress.org/advanced-administration/debug/debug-wordpress/">Debugging in WordPress</a> for more information. (This message was added in version 4.4.0.) in C:\Users\USER\Local Sites\selva-studio\app\public\wp-includes\functions.php on line 6131
[07-May-2026 09:51:58 UTC] PHP Notice:  Function map_meta_cap was called <strong>incorrectly</strong>. The post type <code>habitacion</code> is not registered, so it may not be reliable to check the capability <code>read_post</code> against a post of that type. Please see <a href="https://developer.wordpress.org/advanced-administration/debug/debug-wordpress/">Debugging in WordPress</a> for more information. (This message was added in version 4.4.0.) in C:\Users\USER\Local Sites\selva-studio\app\public\wp-includes\functions.php on line 6131
[07-May-2026 09:51:58 UTC] PHP Notice:  Function map_meta_cap was called <strong>incorrectly</strong>. The post type <code>habitacion</code> is not registered, so it may not be reliable to check the capability <code>read_post</code> against a post of that type. Please see <a href="https://developer.wordpress.org/advanced-administration/debug/debug-wordpress/">Debugging in WordPress</a> for more information. (This message was added in version 4.4.0.) in C:\Users\USER\Local Sites\selva-studio\app\public\wp-includes\functions.php on line 6131
[07-May-2026 09:53:35 UTC] PHP Notice:  Function map_meta_cap was called <strong>incorrectly</strong>. The post type <code>habitacion</code> is not registered, so it may not be reliable to check the capability <code>read_post</code> against a post of that type. Please see <a href="https://developer.wordpress.org/advanced-administration/debug/debug-wordpress/">Debugging in WordPress</a> for more information. (This message was added in version 4.4.0.) in C:\Users\USER\Local Sites\selva-studio\app\public\wp-includes\functions.php on line 6131
[07-May-2026 09:53:35 UTC] PHP Notice:  Function map_meta_cap was called <strong>incorrectly</strong>. The post type <code>habitacion</code> is not registered, so it may not be reliable to check the capability <code>read_post</code> against a post of that type. Please see <a href="https://developer.wordpress.org/advanced-administration/debug/debug-wordpress/">Debugging in WordPress</a> for more information. (This message was added in version 4.4.0.) in C:\Users\USER\Local Sites\selva-studio\app\public\wp-includes\functions.php on line 6131
[07-May-2026 09:53:35 UTC] PHP Notice:  Function map_meta_cap was called <strong>incorrectly</strong>. The post type <code>habitacion</code> is not registered, so it may not be reliable to check the capability <code>read_post</code> against a post of that type. Please see <a href="https://developer.wordpress.org/advanced-administration/debug/debug-wordpress/">Debugging in WordPress</a> for more information. (This message was added in version 4.4.0.) in C:\Users\USER\Local Sites\selva-studio\app\public\wp-includes\functions.php on line 6131
[07-May-2026 09:53:35 UTC] PHP Notice:  Function map_meta_cap was called <strong>incorrectly</strong>. The post type <code>habitacion</code> is not registered, so it may not be reliable to check the capability <code>read_post</code> against a post of that type. Please see <a href="https://developer.wordpress.org/advanced-administration/debug/debug-wordpress/">Debugging in WordPress</a> for more information. (This message was added in version 4.4.0.) in C:\Users\USER\Local Sites\selva-studio\app\public\wp-includes\functions.php on line 6131
[07-May-2026 09:53:35 UTC] PHP Notice:  Function map_meta_cap was called <strong>incorrectly</strong>. The post type <code>habitacion</code> is not registered, so it may not be reliable to check the capability <code>read_post</code> against a post of that type. Please see <a href="https://developer.wordpress.org/advanced-administration/debug/debug-wordpress/">Debugging in WordPress</a> for more information. (This message was added in version 4.4.0.) in C:\Users\USER\Local Sites\selva-studio\app\public\wp-includes\functions.php on line 6131
[07-May-2026 10:27:08 UTC] WordPress database error Unknown column 'fecha' in 'order clause' for query SELECT * FROM wp_js_leads ORDER BY fecha DESC made by do_action('toplevel_page_leads-js'), WP_Hook->do_action, WP_Hook->apply_filters, js_pagina_admin_leads
[07-May-2026 10:27:32 UTC] WordPress database error Unknown column 'fecha' in 'order clause' for query SELECT * FROM wp_js_leads ORDER BY fecha DESC made by do_action('toplevel_page_leads-js'), WP_Hook->do_action, WP_Hook->apply_filters, js_pagina_admin_leads
[07-May-2026 10:27:33 UTC] WordPress database error Unknown column 'fecha' in 'order clause' for query SELECT * FROM wp_js_leads ORDER BY fecha DESC made by do_action('toplevel_page_leads-js'), WP_Hook->do_action, WP_Hook->apply_filters, js_pagina_admin_leads
[07-May-2026 10:27:34 UTC] WordPress database error Unknown column 'fecha' in 'order clause' for query SELECT * FROM wp_js_leads ORDER BY fecha DESC made by do_action('toplevel_page_leads-js'), WP_Hook->do_action, WP_Hook->apply_filters, js_pagina_admin_leads
[07-May-2026 10:27:37 UTC] WordPress database error Unknown column 'fecha' in 'order clause' for query SELECT * FROM wp_js_leads ORDER BY fecha DESC made by do_action('toplevel_page_leads-js'), WP_Hook->do_action, WP_Hook->apply_filters, js_pagina_admin_leads
[07-May-2026 10:31:25 UTC] WordPress database error Unknown column 'fecha' in 'order clause' for query SELECT * FROM wp_js_leads ORDER BY fecha DESC made by do_action('toplevel_page_leads-js'), WP_Hook->do_action, WP_Hook->apply_filters, js_pagina_admin_leads
[07-May-2026 10:31:27 UTC] WordPress database error Unknown column 'fecha' in 'order clause' for query SELECT * FROM wp_js_leads ORDER BY fecha DESC made by do_action('toplevel_page_leads-js'), WP_Hook->do_action, WP_Hook->apply_filters, js_pagina_admin_leads
[07-May-2026 10:31:28 UTC] WordPress database error Unknown column 'fecha' in 'order clause' for query SELECT * FROM wp_js_leads ORDER BY fecha DESC made by do_action('toplevel_page_leads-js'), WP_Hook->do_action, WP_Hook->apply_filters, js_pagina_admin_leads
[07-May-2026 10:31:29 UTC] WordPress database error Unknown column 'fecha' in 'order clause' for query SELECT * FROM wp_js_leads ORDER BY fecha DESC made by do_action('toplevel_page_leads-js'), WP_Hook->do_action, WP_Hook->apply_filters, js_pagina_admin_leads
[07-May-2026 10:31:30 UTC] WordPress database error Unknown column 'fecha' in 'order clause' for query SELECT * FROM wp_js_leads ORDER BY fecha DESC made by do_action('toplevel_page_leads-js'), WP_Hook->do_action, WP_Hook->apply_filters, js_pagina_admin_leads
[07-May-2026 10:31:34 UTC] WordPress database error Unknown column 'fecha' in 'order clause' for query SELECT * FROM wp_js_leads ORDER BY fecha DESC made by do_action('toplevel_page_leads-js'), WP_Hook->do_action, WP_Hook->apply_filters, js_pagina_admin_leads
[07-May-2026 10:31:35 UTC] WordPress database error Unknown column 'fecha' in 'order clause' for query SELECT * FROM wp_js_leads ORDER BY fecha DESC made by do_action('toplevel_page_leads-js'), WP_Hook->do_action, WP_Hook->apply_filters, js_pagina_admin_leads
[07-May-2026 10:31:56 UTC] WordPress database error Unknown column 'fecha' in 'order clause' for query SELECT * FROM wp_js_leads ORDER BY fecha DESC made by do_action('toplevel_page_leads-js'), WP_Hook->do_action, WP_Hook->apply_filters, js_pagina_admin_leads
[07-May-2026 10:35:42 UTC] WordPress database error Unknown column 'fecha' in 'order clause' for query SELECT * FROM wp_js_leads ORDER BY fecha DESC made by do_action('toplevel_page_leads-js'), WP_Hook->do_action, WP_Hook->apply_filters, js_pagina_admin_leads
[07-May-2026 10:40:28 UTC] WordPress database error Unknown column 'fecha' in 'order clause' for query SELECT * FROM wp_js_leads ORDER BY fecha DESC made by do_action('toplevel_page_leads-js'), WP_Hook->do_action, WP_Hook->apply_filters, js_pagina_admin_leads
[07-May-2026 10:40:30 UTC] WordPress database error Unknown column 'fecha' in 'order clause' for query SELECT * FROM wp_js_leads ORDER BY fecha DESC made by do_action('toplevel_page_leads-js'), WP_Hook->do_action, WP_Hook->apply_filters, js_pagina_admin_leads
[07-May-2026 10:40:31 UTC] WordPress database error Unknown column 'fecha' in 'order clause' for query SELECT * FROM wp_js_leads ORDER BY fecha DESC made by do_action('toplevel_page_leads-js'), WP_Hook->do_action, WP_Hook->apply_filters, js_pagina_admin_leads
[07-May-2026 10:40:33 UTC] WordPress database error Unknown column 'fecha' in 'order clause' for query SELECT * FROM wp_js_leads ORDER BY fecha DESC made by do_action('toplevel_page_leads-js'), WP_Hook->do_action, WP_Hook->apply_filters, js_pagina_admin_leads
[07-May-2026 10:40:36 UTC] WordPress database error Unknown column 'fecha' in 'order clause' for query SELECT * FROM wp_js_leads ORDER BY fecha DESC made by do_action('toplevel_page_leads-js'), WP_Hook->do_action, WP_Hook->apply_filters, js_pagina_admin_leads
[07-May-2026 10:41:03 UTC] WordPress database error Unknown column 'fecha' in 'order clause' for query SELECT * FROM wp_js_leads ORDER BY fecha DESC made by do_action('toplevel_page_leads-js'), WP_Hook->do_action, WP_Hook->apply_filters, js_pagina_admin_leads
[07-May-2026 11:03:57 UTC] PHP Warning:  Undefined variable $img_dir in C:\Users\USER\Local Sites\selva-studio\app\public\wp-content\themes\jumpseat-theme\template-parts\sections\case-studies.php on line 15
[07-May-2026 11:03:57 UTC] PHP Warning:  Undefined variable $img_dir in C:\Users\USER\Local Sites\selva-studio\app\public\wp-content\themes\jumpseat-theme\template-parts\sections\case-studies.php on line 23
[07-May-2026 11:03:57 UTC] PHP Warning:  Undefined variable $img_dir in C:\Users\USER\Local Sites\selva-studio\app\public\wp-content\themes\jumpseat-theme\template-parts\sections\case-studies.php on line 31
[07-May-2026 11:03:57 UTC] PHP Warning:  Undefined variable $img_dir in C:\Users\USER\Local Sites\selva-studio\app\public\wp-content\themes\jumpseat-theme\template-parts\sections\case-studies.php on line 15
[07-May-2026 11:03:57 UTC] PHP Warning:  Undefined variable $img_dir in C:\Users\USER\Local Sites\selva-studio\app\public\wp-content\themes\jumpseat-theme\template-parts\sections\case-studies.php on line 23
[07-May-2026 11:03:57 UTC] PHP Warning:  Undefined variable $img_dir in C:\Users\USER\Local Sites\selva-studio\app\public\wp-content\themes\jumpseat-theme\template-parts\sections\case-studies.php on line 31
[07-May-2026 11:03:57 UTC] PHP Warning:  Undefined variable $img_dir in C:\Users\USER\Local Sites\selva-studio\app\public\wp-content\themes\jumpseat-theme\template-parts\sections\case-studies.php on line 15
[07-May-2026 11:03:57 UTC] PHP Warning:  Undefined variable $img_dir in C:\Users\USER\Local Sites\selva-studio\app\public\wp-content\themes\jumpseat-theme\template-parts\sections\case-studies.php on line 23
[07-May-2026 11:03:57 UTC] PHP Warning:  Undefined variable $img_dir in C:\Users\USER\Local Sites\selva-studio\app\public\wp-content\themes\jumpseat-theme\template-parts\sections\case-studies.php on line 31
[07-May-2026 11:03:57 UTC] PHP Warning:  Undefined variable $img_dir in C:\Users\USER\Local Sites\selva-studio\app\public\wp-content\themes\jumpseat-theme\template-parts\sections\case-studies.php on line 15
[07-May-2026 11:03:57 UTC] PHP Warning:  Undefined variable $img_dir in C:\Users\USER\Local Sites\selva-studio\app\public\wp-content\themes\jumpseat-theme\template-parts\sections\case-studies.php on line 23
[07-May-2026 11:03:57 UTC] PHP Warning:  Undefined variable $img_dir in C:\Users\USER\Local Sites\selva-studio\app\public\wp-content\themes\jumpseat-theme\template-parts\sections\case-studies.php on line 31
[07-May-2026 11:04:17 UTC] PHP Warning:  Undefined variable $img_dir in C:\Users\USER\Local Sites\selva-studio\app\public\wp-content\themes\jumpseat-theme\template-parts\sections\case-studies.php on line 15
[07-May-2026 11:04:17 UTC] PHP Warning:  Undefined variable $img_dir in C:\Users\USER\Local Sites\selva-studio\app\public\wp-content\themes\jumpseat-theme\template-parts\sections\case-studies.php on line 23
[07-May-2026 11:04:17 UTC] PHP Warning:  Undefined variable $img_dir in C:\Users\USER\Local Sites\selva-studio\app\public\wp-content\themes\jumpseat-theme\template-parts\sections\case-studies.php on line 31
[07-May-2026 11:04:17 UTC] PHP Warning:  Undefined variable $img_dir in C:\Users\USER\Local Sites\selva-studio\app\public\wp-content\themes\jumpseat-theme\template-parts\sections\case-studies.php on line 15
[07-May-2026 11:04:17 UTC] PHP Warning:  Undefined variable $img_dir in C:\Users\USER\Local Sites\selva-studio\app\public\wp-content\themes\jumpseat-theme\template-parts\sections\case-studies.php on line 23
[07-May-2026 11:04:17 UTC] PHP Warning:  Undefined variable $img_dir in C:\Users\USER\Local Sites\selva-studio\app\public\wp-content\themes\jumpseat-theme\template-parts\sections\case-studies.php on line 31
[07-May-2026 11:04:17 UTC] PHP Warning:  Undefined variable $img_dir in C:\Users\USER\Local Sites\selva-studio\app\public\wp-content\themes\jumpseat-theme\template-parts\sections\case-studies.php on line 15
[07-May-2026 11:04:17 UTC] PHP Warning:  Undefined variable $img_dir in C:\Users\USER\Local Sites\selva-studio\app\public\wp-content\themes\jumpseat-theme\template-parts\sections\case-studies.php on line 23
[07-May-2026 11:04:17 UTC] PHP Warning:  Undefined variable $img_dir in C:\Users\USER\Local Sites\selva-studio\app\public\wp-content\themes\jumpseat-theme\template-parts\sections\case-studies.php on line 31
[07-May-2026 11:04:17 UTC] PHP Warning:  Undefined variable $img_dir in C:\Users\USER\Local Sites\selva-studio\app\public\wp-content\themes\jumpseat-theme\template-parts\sections\case-studies.php on line 15
[07-May-2026 11:04:17 UTC] PHP Warning:  Undefined variable $img_dir in C:\Users\USER\Local Sites\selva-studio\app\public\wp-content\themes\jumpseat-theme\template-parts\sections\case-studies.php on line 23
[07-May-2026 11:04:17 UTC] PHP Warning:  Undefined variable $img_dir in C:\Users\USER\Local Sites\selva-studio\app\public\wp-content\themes\jumpseat-theme\template-parts\sections\case-studies.php on line 31
